<?xml version="1.0" encoding="UTF-8"?>
<testsuite name="com.example.springpebble.SpringPebbleApplicationTests" tests="1" skipped="0" failures="0" errors="0" timestamp="2019-01-06T08:49:15" hostname="DESKTOP-TVPS04N" time="0.005">
  <properties/>
  <testcase name="contextLoads" classname="com.example.springpebble.SpringPebbleApplicationTests" time="0.005"/>
  <system-out><![CDATA[2019-01-06 17:49:15.566  INFO 12316 --- [    Test worker] .b.t.c.SpringBootTestContextBootstrapper : Neither @ContextConfiguration nor @ContextHierarchy found for test class [com.example.springpebble.SpringPebbleApplicationTests], using SpringBootContextLoader
2019-01-06 17:49:15.568  INFO 12316 --- [    Test worker] o.s.t.c.support.AbstractContextLoader    : Could not detect default resource locations for test class [com.example.springpebble.SpringPebbleApplicationTests]: no resource found for suffixes {-context.xml, Context.groovy}.
2019-01-06 17:49:15.568  INFO 12316 --- [    Test worker] t.c.s.AnnotationConfigContextLoaderUtils : Could not detect default configuration classes for test class [com.example.springpebble.SpringPebbleApplicationTests]: SpringPebbleApplicationTests does not declare any static, non-private, non-final, nested classes annotated with @Configuration.
2019-01-06 17:49:15.583  INFO 12316 --- [    Test worker] .b.t.c.SpringBootTestContextBootstrapper : Found @SpringBootConfiguration com.example.springpebble.SpringPebbleApplication for test class com.example.springpebble.SpringPebbleApplicationTests
2019-01-06 17:49:15.587  INFO 12316 --- [    Test worker] .b.t.c.SpringBootTestContextBootstrapper : Loaded default TestExecutionListener class names from location [META-INF/spring.factories]: [org.springframework.security.test.context.support.WithSecurityContextTestExecutionListener, org.springframework.boot.test.autoconfigure.restdocs.RestDocsTestExecutionListener, org.springframework.boot.test.autoconfigure.web.client.MockRestServiceServerResetTestExecutionListener, org.springframework.boot.test.autoconfigure.web.servlet.MockMvcPrintOnlyOnFailureTestExecutionListener, org.springframework.boot.test.autoconfigure.web.servlet.WebDriverTestExecutionListener, org.springframework.boot.test.mock.mockito.MockitoTestExecutionListener, org.springframework.boot.test.mock.mockito.ResetMocksTestExecutionListener, org.springframework.test.context.web.ServletTestExecutionListener, org.springframework.test.context.support.DirtiesContextBeforeModesTestExecutionListener, org.springframework.test.context.support.DependencyInjectionTestExecutionListener, org.springframework.test.context.support.DirtiesContextTestExecutionListener, org.springframework.test.context.transaction.TransactionalTestExecutionListener, org.springframework.test.context.jdbc.SqlScriptsTestExecutionListener]
2019-01-06 17:49:15.601  INFO 12316 --- [    Test worker] .b.t.c.SpringBootTestContextBootstrapper : Using TestExecutionListeners: [org.springframework.test.context.web.ServletTestExecutionListener@7c41d9a9, org.springframework.test.context.support.DirtiesContextBeforeModesTestExecutionListener@17949163, org.springframework.boot.test.autoconfigure.SpringBootDependencyInjectionTestExecutionListener@19a40a5d, org.springframework.test.context.support.DirtiesContextTestExecutionListener@68c25732, org.springframework.test.context.transaction.TransactionalTestExecutionListener@1abc5712, org.springframework.test.context.jdbc.SqlScriptsTestExecutionListener@2910c2af, org.springframework.security.test.context.support.WithSecurityContextTestExecutionListener@105fc332, org.springframework.boot.test.mock.mockito.MockitoTestExecutionListener@6ade7dcc, org.springframework.boot.test.autoconfigure.web.servlet.WebDriverTestExecutionListener@1222a342, org.springframework.boot.test.autoconfigure.web.client.MockRestServiceServerResetTestExecutionListener@3d081e13, org.springframework.boot.test.mock.mockito.ResetMocksTestExecutionListener@53a00cd3, org.springframework.boot.test.autoconfigure.restdocs.RestDocsTestExecutionListener@4a893b76, org.springframework.boot.test.autoconfigure.web.servlet.MockMvcPrintOnlyOnFailureTestExecutionListener@4db6a9d6]
]]></system-out>
  <system-err><![CDATA[]]></system-err>
</testsuite>
